<?xml version="1.0" encoding="UTF-8"?>
<!-- Generated by org.testng.reporters.JUnitXMLReporter -->
<testsuite ignored="3" hostname="Sree-MackBook-Pro" failures="0" tests="7" name="Command line test" time="0.107" errors="0" timestamp="14 Oct 2017 15:19:34 GMT">
  <testcase classname="org.wildcraft.contract.PrivateInterfaceMethodTest" name="testPrivateInterfaceMethod" time="0.008"/>
  <testcase classname="org.wildcraft.stackwalker.StackWalkerTest" name="testStackWalker" time="0.037"/>
  <testcase classname="org.wildcraft.depreciation.DepreciationTest" name="testAssetDepreciation" time="0.001"/>
  <testcase classname="org.wildcraft.string.StringTest" name="testNoOfCharOfString" time="0.002"/>
  <testcase classname="org.wildcraft.diamond.DiamondTest" name="testDiamondWithInference" time="0.004"/>
  <testcase classname="org.wildcraft.diamond.DiamondTest" name="testDiamondWithoutInference" time="0.0"/>
  <testcase classname="org.wildcraft.diamond.DiamondTest" name="testNonDenotableType" time="0.001"/>
  <testcase classname="org.wildcraft.exception.TryWithResourceTest" name="testTryWithResource" time="0.0">
    <ignored/>
  </testcase> <!-- testTryWithResource -->
  <testcase classname="org.wildcraft.exception.TryWithResourceTest" name="testTryWithEffectivelyFinalResource" time="0.0">
    <ignored/>
  </testcase> <!-- testTryWithEffectivelyFinalResource -->
  <testcase classname="org.wildcraft.process.ControlProcessTest" name="testContorlProcess" time="0.0">
    <ignored/>
  </testcase> <!-- testContorlProcess -->
</testsuite> <!-- Command line test -->
