<?xml version="1.0" encoding="UTF-8" ?>
<testsuite tests="10" failures="0" name="TestSuite" time="0.278" errors="0" skipped="0">
  <properties>
[...]
</properties>
  <testcase classname="epi.array.TestPrimeNo" name="testPrimeNo" time="0.221"/>
  <testcase classname="epi.array.TestSudokuSolver" name="test" time="0"/>
  <testcase classname="epi.array.TestSudokuSolver" name="test1" time="0"/>
  <testcase classname="geeksforgeeks.CountSubStringTest" name="test" time="0.02"/>
  <testcase classname="geeksforgeeks.DutchNationalFlagProblemTest" name="testInput1" time="0.016"/>
  <testcase classname="geeksforgeeks.FibonacciTest" name="testFibonacci" time="0.001"/>
  <testcase classname="geeksforgeeks.RotateAndDeleteTest" name="tc1" time="0.001"/>
  <testcase classname="geeksforgeeks.SumStringTest" name="sumStringTestCase1" time="0.018"/>
  <testcase classname="geeksforgeeks.SumStringTest" name="sumStringTestCase2" time="0"/>
  <testcase classname="geeksforgeeks.SumStringTest" name="sumStringTestCase3" time="0.001"/>
</testsuite>