<?xml version="1.0" encoding="UTF-8"?>
<testng-results skipped="0" failed="0" ignored="0" total="10" passed="10">
  <reporter-output>
  </reporter-output>
  <suite name="Command line suite" duration-ms="309" started-at="2017-12-25T10:03:52Z" finished-at="2017-12-25T10:03:52Z">
    <groups>
    </groups>
    <test name="Command line test" duration-ms="309" started-at="2017-12-25T10:03:52Z" finished-at="2017-12-25T10:03:52Z">
      <class name="epi.array.TestPrimeNo">
        <test-method status="PASS" signature="testPrimeNo()[pri:0, instance:epi.array.TestPrimeNo@edf4efb]" name="testPrimeNo" duration-ms="219" started-at="2017-12-25T15:33:52Z" finished-at="2017-12-25T15:33:52Z">
          <reporter-output>
          </reporter-output>
        </test-method> <!-- testPrimeNo -->
      </class> <!-- epi.array.TestPrimeNo -->
      <class name="epi.array.TestSudokuSolver">
        <test-method status="PASS" signature="test()[pri:0, instance:epi.array.TestSudokuSolver@2f7a2457]" name="test" duration-ms="1" started-at="2017-12-25T15:33:52Z" finished-at="2017-12-25T15:33:52Z">
          <reporter-output>
          </reporter-output>
        </test-method> <!-- test -->
        <test-method status="PASS" signature="test1()[pri:0, instance:epi.array.TestSudokuSolver@2f7a2457]" name="test1" duration-ms="0" started-at="2017-12-25T15:33:52Z" finished-at="2017-12-25T15:33:52Z">
          <reporter-output>
          </reporter-output>
        </test-method> <!-- test1 -->
      </class> <!-- epi.array.TestSudokuSolver -->
      <class name="geeksforgeeks.FibonacciTest">
        <test-method status="PASS" signature="testFibonacci()[pri:0, instance:geeksforgeeks.FibonacciTest@1554909b]" name="testFibonacci" duration-ms="1" started-at="2017-12-25T15:33:52Z" finished-at="2017-12-25T15:33:52Z">
          <reporter-output>
          </reporter-output>
        </test-method> <!-- testFibonacci -->
      </class> <!-- geeksforgeeks.FibonacciTest -->
      <class name="geeksforgeeks.SumStringTest">
        <test-method status="PASS" signature="test()[pri:0, instance:geeksforgeeks.SumStringTest@7f690630]" name="test" is-config="true" duration-ms="10" started-at="2017-12-25T15:33:52Z" finished-at="2017-12-25T15:33:52Z">
          <reporter-output>
          </reporter-output>
        </test-method> <!-- test -->
        <test-method status="PASS" signature="test1()[pri:0, instance:geeksforgeeks.SumStringTest@7f690630]" name="test1" is-config="true" duration-ms="0" started-at="2017-12-25T15:33:52Z" finished-at="2017-12-25T15:33:52Z">
          <reporter-output>
          </reporter-output>
        </test-method> <!-- test1 -->
        <test-method status="PASS" signature="sumStringTestCase1()[pri:0, instance:geeksforgeeks.SumStringTest@7f690630]" name="sumStringTestCase1" duration-ms="18" started-at="2017-12-25T15:33:52Z" finished-at="2017-12-25T15:33:52Z">
          <reporter-output>
          </reporter-output>
        </test-method> <!-- sumStringTestCase1 -->
        <test-method status="PASS" signature="sumStringTestCase2()[pri:0, instance:geeksforgeeks.SumStringTest@7f690630]" name="sumStringTestCase2" duration-ms="1" started-at="2017-12-25T15:33:52Z" finished-at="2017-12-25T15:33:52Z">
          <reporter-output>
          </reporter-output>
        </test-method> <!-- sumStringTestCase2 -->
        <test-method status="PASS" signature="sumStringTestCase3()[pri:0, instance:geeksforgeeks.SumStringTest@7f690630]" name="sumStringTestCase3" duration-ms="0" started-at="2017-12-25T15:33:52Z" finished-at="2017-12-25T15:33:52Z">
          <reporter-output>
          </reporter-output>
        </test-method> <!-- sumStringTestCase3 -->
      </class> <!-- geeksforgeeks.SumStringTest -->
      <class name="geeksforgeeks.CountSubStringTest">
        <test-method status="PASS" signature="test()[pri:0, instance:geeksforgeeks.CountSubStringTest@566776ad]" name="test" duration-ms="19" started-at="2017-12-25T15:33:52Z" finished-at="2017-12-25T15:33:52Z">
          <reporter-output>
          </reporter-output>
        </test-method> <!-- test -->
      </class> <!-- geeksforgeeks.CountSubStringTest -->
      <class name="geeksforgeeks.DutchNationalFlagProblemTest">
        <test-method status="PASS" signature="StartTim()[pri:0, instance:geeksforgeeks.DutchNationalFlagProblemTest@6108b2d7]" name="StartTim" is-config="true" duration-ms="0" started-at="2017-12-25T15:33:52Z" finished-at="2017-12-25T15:33:52Z">
          <reporter-output>
          </reporter-output>
        </test-method> <!-- StartTim -->
        <test-method status="PASS" signature="testInput1()[pri:0, instance:geeksforgeeks.DutchNationalFlagProblemTest@6108b2d7]" name="testInput1" duration-ms="17" started-at="2017-12-25T15:33:52Z" finished-at="2017-12-25T15:33:52Z">
          <reporter-output>
          </reporter-output>
        </test-method> <!-- testInput1 -->
        <test-method status="PASS" signature="calculateTotalTime()[pri:0, instance:geeksforgeeks.DutchNationalFlagProblemTest@6108b2d7]" name="calculateTotalTime" is-config="true" duration-ms="1" started-at="2017-12-25T15:33:52Z" finished-at="2017-12-25T15:33:52Z">
          <reporter-output>
          </reporter-output>
        </test-method> <!-- calculateTotalTime -->
      </class> <!-- geeksforgeeks.DutchNationalFlagProblemTest -->
      <class name="geeksforgeeks.RotateAndDeleteTest">
        <test-method status="PASS" signature="tc1()[pri:0, instance:geeksforgeeks.RotateAndDeleteTest@6bf256fa]" name="tc1" duration-ms="1" started-at="2017-12-25T15:33:52Z" finished-at="2017-12-25T15:33:52Z">
          <reporter-output>
          </reporter-output>
        </test-method> <!-- tc1 -->
      </class> <!-- geeksforgeeks.RotateAndDeleteTest -->
    </test> <!-- Command line test -->
  </suite> <!-- Command line suite -->
</testng-results>
