<?xml version="1.0" encoding="UTF-8"?>
<!-- Generated by org.testng.reporters.JUnitXMLReporter -->
<testsuite ignored="1" hostname="Sree-MackBook-Pro" failures="0" tests="25" name="Command line test" time="0.191" errors="0" timestamp="14 Oct 2017 15:19:31 GMT">
  <testcase classname="org.wildcraft.util.arrays.CompareArraysTest" name="testArraysCompare" time="0.029"/>
  <testcase classname="org.wildcraft.util.arrays.CompareArraysTest" name="testArraysCompareWithDifferentArray" time="0.001"/>
  <testcase classname="org.wildcraft.util.collections.CollectionFactoryTest" name="testCollectionOrderIsUnstable" time="0.002"/>
  <testcase classname="org.wildcraft.util.collections.CollectionFactoryTest" name="testCollectionOrderIsUnstable" time="0.0"/>
  <testcase classname="org.wildcraft.util.collections.CollectionFactoryTest" name="testCollectionOrderIsUnstable" time="0.0"/>
  <testcase classname="org.wildcraft.util.collections.CollectionFactoryTest" name="testCollectionOrderIsUnstable" time="0.001"/>
  <testcase classname="org.wildcraft.util.collections.CollectionFactoryTest" name="testCollectionOrderIsUnstable" time="0.0"/>
  <testcase classname="org.wildcraft.util.collections.CollectionFactoryTest" name="testCollectionsAreImmutable" time="0.015"/>
  <testcase classname="org.wildcraft.util.collections.CollectionFactoryTest" name="testCreateCollectionInJava9" time="0.002"/>
  <testcase classname="org.wildcraft.util.collections.CollectionFactoryTest" name="testCreateCollectionWithoutEnhancement" time="0.0"/>
  <testcase classname="org.wildcraft.util.collections.CollectionFactoryTest" name="testImmutableMapOf10Elements" time="0.03"/>
  <testcase classname="org.wildcraft.util.collections.CollectionFactoryTest" name="testImmutableMapOf11Elements" time="0.001"/>
  <testcase classname="org.wildcraft.util.optional.OptionalTest" name="testOptionalIfPresentOrElse" time="0.001"/>
  <testcase classname="org.wildcraft.util.optional.OptionalTest" name="testOptionalOr" time="0.001"/>
  <testcase classname="org.wildcraft.util.optional.OptionalTest" name="testOptionalStream" time="0.001"/>
  <testcase classname="org.wildcraft.util.optional.OptionalTest" name="testOptionalWithoutIfPresentOrElse" time="0.0"/>
  <testcase classname="org.wildcraft.util.optional.OptionalTest" name="testOptionalWithoutOr" time="0.0"/>
  <testcase classname="org.wildcraft.util.optional.OptionalTest" name="testOptionalWithoutStream" time="0.001"/>
  <testcase classname="org.wildcraft.util.reactive.ReactiveTest" name="testPublishAndSubscribe" time="0.024"/>
  <testcase classname="org.wildcraft.util.stream.StreamTest" name="testDropWhile" time="0.015"/>
  <testcase classname="org.wildcraft.util.stream.StreamTest" name="testIterateStoppable" time="0.009"/>
  <testcase classname="org.wildcraft.util.stream.StreamTest" name="testOfNullable" time="0.001"/>
  <testcase classname="org.wildcraft.util.stream.StreamTest" name="testOfNullableStream" time="0.002"/>
  <testcase classname="org.wildcraft.util.stream.StreamTest" name="testOfNullableStreamCount" time="0.008"/>
  <testcase classname="org.wildcraft.util.stream.StreamTest" name="testTakeWhile" time="0.001"/>
  <testcase classname="org.wildcraft.util.stream.StreamTest" name="testIterateUnstoppableInJava8" time="0.0">
    <ignored/>
  </testcase> <!-- testIterateUnstoppableInJava8 -->
</testsuite> <!-- Command line test -->
