<?xml version="1.0" encoding="UTF-8"?>
<testng-results ignored="3" total="10" passed="7" failed="0" skipped="0">
  <reporter-output>
  </reporter-output>
  <suite started-at="2017-10-14T15:19:34Z" name="Command line suite" finished-at="2017-10-14T15:19:34Z" duration-ms="107">
    <groups>
    </groups>
    <test started-at="2017-10-14T15:19:34Z" name="Command line test" finished-at="2017-10-14T15:19:34Z" duration-ms="107">
      <class name="org.wildcraft.stackwalker.StackWalkerTest">
        <test-method signature="testStackWalker()[pri:0, instance:org.wildcraft.stackwalker.StackWalkerTest@436813f3]" started-at="2017-10-14T20:49:34Z" name="testStackWalker" finished-at="2017-10-14T20:49:34Z" duration-ms="37" status="PASS">
          <reporter-output>
          </reporter-output>
        </test-method> <!-- testStackWalker -->
      </class> <!-- org.wildcraft.stackwalker.StackWalkerTest -->
      <class name="org.wildcraft.diamond.DiamondTest">
        <test-method signature="testDiamondWithInference()[pri:0, instance:org.wildcraft.diamond.DiamondTest@8f4ea7c]" started-at="2017-10-14T20:49:34Z" name="testDiamondWithInference" finished-at="2017-10-14T20:49:34Z" duration-ms="4" status="PASS">
          <reporter-output>
          </reporter-output>
        </test-method> <!-- testDiamondWithInference -->
        <test-method signature="testDiamondWithoutInference()[pri:0, instance:org.wildcraft.diamond.DiamondTest@8f4ea7c]" started-at="2017-10-14T20:49:34Z" name="testDiamondWithoutInference" finished-at="2017-10-14T20:49:34Z" duration-ms="0" status="PASS">
          <reporter-output>
          </reporter-output>
        </test-method> <!-- testDiamondWithoutInference -->
        <test-method signature="testNonDenotableType()[pri:0, instance:org.wildcraft.diamond.DiamondTest@8f4ea7c]" started-at="2017-10-14T20:49:34Z" name="testNonDenotableType" finished-at="2017-10-14T20:49:34Z" duration-ms="1" status="PASS">
          <reporter-output>
          </reporter-output>
        </test-method> <!-- testNonDenotableType -->
      </class> <!-- org.wildcraft.diamond.DiamondTest -->
      <class name="org.wildcraft.string.StringTest">
        <test-method signature="testNoOfCharOfString()[pri:0, instance:org.wildcraft.string.StringTest@74fe5c40]" started-at="2017-10-14T20:49:34Z" name="testNoOfCharOfString" finished-at="2017-10-14T20:49:34Z" duration-ms="2" status="PASS">
          <reporter-output>
          </reporter-output>
        </test-method> <!-- testNoOfCharOfString -->
      </class> <!-- org.wildcraft.string.StringTest -->
      <class name="org.wildcraft.contract.PrivateInterfaceMethodTest">
        <test-method signature="testPrivateInterfaceMethod()[pri:0, instance:org.wildcraft.contract.PrivateInterfaceMethodTest@36902638]" started-at="2017-10-14T20:49:34Z" name="testPrivateInterfaceMethod" finished-at="2017-10-14T20:49:34Z" duration-ms="8" status="PASS">
          <reporter-output>
          </reporter-output>
        </test-method> <!-- testPrivateInterfaceMethod -->
      </class> <!-- org.wildcraft.contract.PrivateInterfaceMethodTest -->
      <class name="org.wildcraft.depreciation.DepreciationTest">
        <test-method signature="testAssetDepreciation()[pri:0, instance:org.wildcraft.depreciation.DepreciationTest@223d2c72]" started-at="2017-10-14T20:49:34Z" name="testAssetDepreciation" finished-at="2017-10-14T20:49:34Z" duration-ms="1" status="PASS">
          <reporter-output>
          </reporter-output>
        </test-method> <!-- testAssetDepreciation -->
      </class> <!-- org.wildcraft.depreciation.DepreciationTest -->
    </test> <!-- Command line test -->
  </suite> <!-- Command line suite -->
</testng-results>
