<?xml version="1.0" encoding="UTF-8"?>
<testng-results ignored="0" total="1" passed="1" failed="0" skipped="0">
  <reporter-output>
  </reporter-output>
  <suite started-at="2017-10-14T15:19:35Z" name="Command line suite" finished-at="2017-10-14T15:19:44Z" duration-ms="9102">
    <groups>
    </groups>
    <test started-at="2017-10-14T15:19:35Z" name="Command line test" finished-at="2017-10-14T15:19:44Z" duration-ms="9102">
      <class name="org.wildcraft.compactstring.CompactStringTest">
        <test-method signature="testStringGenerationFromIntegers()[pri:0, instance:org.wildcraft.compactstring.CompactStringTest@481a996b]" started-at="2017-10-14T20:49:35Z" name="testStringGenerationFromIntegers" finished-at="2017-10-14T20:49:44Z" duration-ms="9087" status="PASS">
          <reporter-output>
          </reporter-output>
        </test-method> <!-- testStringGenerationFromIntegers -->
      </class> <!-- org.wildcraft.compactstring.CompactStringTest -->
    </test> <!-- Command line test -->
  </suite> <!-- Command line suite -->
</testng-results>
