<?xml version="1.0" encoding="UTF-8"?>
<!-- Generated by org.testng.reporters.JUnitXMLReporter -->
<testsuite hostname="Sree-MackBook-Pro" ignored="0" name="Command line test" tests="10" failures="0" timestamp="25 Dec 2017 10:03:52 GMT" time="0.309" errors="0">
  <testcase name="testPrimeNo" time="0.219" classname="epi.array.TestPrimeNo"/>
  <testcase name="test" time="0.001" classname="epi.array.TestSudokuSolver"/>
  <testcase name="test1" time="0.0" classname="epi.array.TestSudokuSolver"/>
  <testcase name="test" time="0.019" classname="geeksforgeeks.CountSubStringTest"/>
  <testcase name="testInput1" time="0.017" classname="geeksforgeeks.DutchNationalFlagProblemTest"/>
  <testcase name="testFibonacci" time="0.001" classname="geeksforgeeks.FibonacciTest"/>
  <testcase name="tc1" time="0.001" classname="geeksforgeeks.RotateAndDeleteTest"/>
  <testcase name="sumStringTestCase1" time="0.018" classname="geeksforgeeks.SumStringTest"/>
  <testcase name="sumStringTestCase2" time="0.001" classname="geeksforgeeks.SumStringTest"/>
  <testcase name="sumStringTestCase3" time="0.0" classname="geeksforgeeks.SumStringTest"/>
</testsuite> <!-- Command line test -->
