<?xml version="1.0" encoding="UTF-8"?>
<testng-results ignored="1" total="26" passed="25" failed="0" skipped="0">
  <reporter-output>
  </reporter-output>
  <suite started-at="2017-10-14T15:19:31Z" name="Command line suite" finished-at="2017-10-14T15:19:31Z" duration-ms="191">
    <groups>
    </groups>
    <test started-at="2017-10-14T15:19:31Z" name="Command line test" finished-at="2017-10-14T15:19:31Z" duration-ms="191">
      <class name="org.wildcraft.util.stream.StreamTest">
        <test-method signature="testDropWhile()[pri:0, instance:org.wildcraft.util.stream.StreamTest@4d9e68d0]" started-at="2017-10-14T20:49:31Z" name="testDropWhile" finished-at="2017-10-14T20:49:31Z" duration-ms="15" status="PASS">
          <reporter-output>
          </reporter-output>
        </test-method> <!-- testDropWhile -->
        <test-method signature="testIterateStoppable()[pri:0, instance:org.wildcraft.util.stream.StreamTest@4d9e68d0]" started-at="2017-10-14T20:49:31Z" name="testIterateStoppable" finished-at="2017-10-14T20:49:31Z" duration-ms="9" status="PASS">
          <reporter-output>
          </reporter-output>
        </test-method> <!-- testIterateStoppable -->
        <test-method signature="testOfNullable()[pri:0, instance:org.wildcraft.util.stream.StreamTest@4d9e68d0]" started-at="2017-10-14T20:49:31Z" name="testOfNullable" finished-at="2017-10-14T20:49:31Z" duration-ms="1" status="PASS">
          <reporter-output>
          </reporter-output>
        </test-method> <!-- testOfNullable -->
        <test-method signature="testOfNullableStream()[pri:0, instance:org.wildcraft.util.stream.StreamTest@4d9e68d0]" started-at="2017-10-14T20:49:31Z" name="testOfNullableStream" finished-at="2017-10-14T20:49:31Z" duration-ms="2" status="PASS">
          <reporter-output>
          </reporter-output>
        </test-method> <!-- testOfNullableStream -->
        <test-method signature="testOfNullableStreamCount()[pri:0, instance:org.wildcraft.util.stream.StreamTest@4d9e68d0]" started-at="2017-10-14T20:49:31Z" name="testOfNullableStreamCount" finished-at="2017-10-14T20:49:31Z" duration-ms="8" status="PASS">
          <reporter-output>
          </reporter-output>
        </test-method> <!-- testOfNullableStreamCount -->
        <test-method signature="testTakeWhile()[pri:0, instance:org.wildcraft.util.stream.StreamTest@4d9e68d0]" started-at="2017-10-14T20:49:31Z" name="testTakeWhile" finished-at="2017-10-14T20:49:31Z" duration-ms="1" status="PASS">
          <reporter-output>
          </reporter-output>
        </test-method> <!-- testTakeWhile -->
      </class> <!-- org.wildcraft.util.stream.StreamTest -->
      <class name="org.wildcraft.util.optional.OptionalTest">
        <test-method signature="testOptionalIfPresentOrElse()[pri:0, instance:org.wildcraft.util.optional.OptionalTest@7334aada]" started-at="2017-10-14T20:49:31Z" name="testOptionalIfPresentOrElse" finished-at="2017-10-14T20:49:31Z" duration-ms="1" status="PASS">
          <reporter-output>
          </reporter-output>
        </test-method> <!-- testOptionalIfPresentOrElse -->
        <test-method signature="testOptionalOr()[pri:0, instance:org.wildcraft.util.optional.OptionalTest@7334aada]" started-at="2017-10-14T20:49:31Z" name="testOptionalOr" finished-at="2017-10-14T20:49:31Z" duration-ms="1" status="PASS">
          <reporter-output>
          </reporter-output>
        </test-method> <!-- testOptionalOr -->
        <test-method signature="testOptionalStream()[pri:0, instance:org.wildcraft.util.optional.OptionalTest@7334aada]" started-at="2017-10-14T20:49:31Z" name="testOptionalStream" finished-at="2017-10-14T20:49:31Z" duration-ms="1" status="PASS">
          <reporter-output>
          </reporter-output>
        </test-method> <!-- testOptionalStream -->
        <test-method signature="testOptionalWithoutIfPresentOrElse()[pri:0, instance:org.wildcraft.util.optional.OptionalTest@7334aada]" started-at="2017-10-14T20:49:31Z" name="testOptionalWithoutIfPresentOrElse" finished-at="2017-10-14T20:49:31Z" duration-ms="0" status="PASS">
          <reporter-output>
          </reporter-output>
        </test-method> <!-- testOptionalWithoutIfPresentOrElse -->
        <test-method signature="testOptionalWithoutOr()[pri:0, instance:org.wildcraft.util.optional.OptionalTest@7334aada]" started-at="2017-10-14T20:49:31Z" name="testOptionalWithoutOr" finished-at="2017-10-14T20:49:31Z" duration-ms="0" status="PASS">
          <reporter-output>
          </reporter-output>
        </test-method> <!-- testOptionalWithoutOr -->
        <test-method signature="testOptionalWithoutStream()[pri:0, instance:org.wildcraft.util.optional.OptionalTest@7334aada]" started-at="2017-10-14T20:49:31Z" name="testOptionalWithoutStream" finished-at="2017-10-14T20:49:31Z" duration-ms="1" status="PASS">
          <reporter-output>
          </reporter-output>
        </test-method> <!-- testOptionalWithoutStream -->
      </class> <!-- org.wildcraft.util.optional.OptionalTest -->
      <class name="org.wildcraft.util.reactive.ReactiveTest">
        <test-method signature="testPublishAndSubscribe()[pri:0, instance:org.wildcraft.util.reactive.ReactiveTest@1d9b7cce]" started-at="2017-10-14T20:49:31Z" name="testPublishAndSubscribe" finished-at="2017-10-14T20:49:31Z" duration-ms="24" status="PASS">
          <reporter-output>
          </reporter-output>
        </test-method> <!-- testPublishAndSubscribe -->
      </class> <!-- org.wildcraft.util.reactive.ReactiveTest -->
      <class name="org.wildcraft.util.arrays.CompareArraysTest">
        <test-method signature="testArraysCompare()[pri:0, instance:org.wildcraft.util.arrays.CompareArraysTest@123ef382]" started-at="2017-10-14T20:49:31Z" name="testArraysCompare" finished-at="2017-10-14T20:49:31Z" duration-ms="29" status="PASS">
          <reporter-output>
          </reporter-output>
        </test-method> <!-- testArraysCompare -->
        <test-method signature="testArraysCompareWithDifferentArray()[pri:0, instance:org.wildcraft.util.arrays.CompareArraysTest@123ef382]" started-at="2017-10-14T20:49:31Z" name="testArraysCompareWithDifferentArray" finished-at="2017-10-14T20:49:31Z" duration-ms="1" status="PASS">
          <reporter-output>
          </reporter-output>
        </test-method> <!-- testArraysCompareWithDifferentArray -->
      </class> <!-- org.wildcraft.util.arrays.CompareArraysTest -->
      <class name="org.wildcraft.util.collections.CollectionFactoryTest">
        <test-method signature="testCollectionOrderIsUnstable()[pri:0, instance:org.wildcraft.util.collections.CollectionFactoryTest@441772e]" started-at="2017-10-14T20:49:31Z" name="testCollectionOrderIsUnstable" finished-at="2017-10-14T20:49:31Z" duration-ms="2" status="PASS">
          <reporter-output>
          </reporter-output>
        </test-method> <!-- testCollectionOrderIsUnstable -->
        <test-method signature="testCollectionOrderIsUnstable()[pri:0, instance:org.wildcraft.util.collections.CollectionFactoryTest@441772e]" started-at="2017-10-14T20:49:31Z" name="testCollectionOrderIsUnstable" finished-at="2017-10-14T20:49:31Z" duration-ms="0" status="PASS">
          <reporter-output>
          </reporter-output>
        </test-method> <!-- testCollectionOrderIsUnstable -->
        <test-method signature="testCollectionOrderIsUnstable()[pri:0, instance:org.wildcraft.util.collections.CollectionFactoryTest@441772e]" started-at="2017-10-14T20:49:31Z" name="testCollectionOrderIsUnstable" finished-at="2017-10-14T20:49:31Z" duration-ms="0" status="PASS">
          <reporter-output>
          </reporter-output>
        </test-method> <!-- testCollectionOrderIsUnstable -->
        <test-method signature="testCollectionOrderIsUnstable()[pri:0, instance:org.wildcraft.util.collections.CollectionFactoryTest@441772e]" started-at="2017-10-14T20:49:31Z" name="testCollectionOrderIsUnstable" finished-at="2017-10-14T20:49:31Z" duration-ms="1" status="PASS">
          <reporter-output>
          </reporter-output>
        </test-method> <!-- testCollectionOrderIsUnstable -->
        <test-method signature="testCollectionOrderIsUnstable()[pri:0, instance:org.wildcraft.util.collections.CollectionFactoryTest@441772e]" started-at="2017-10-14T20:49:31Z" name="testCollectionOrderIsUnstable" finished-at="2017-10-14T20:49:31Z" duration-ms="0" status="PASS">
          <reporter-output>
          </reporter-output>
        </test-method> <!-- testCollectionOrderIsUnstable -->
        <test-method signature="testCollectionsAreImmutable()[pri:0, instance:org.wildcraft.util.collections.CollectionFactoryTest@441772e]" started-at="2017-10-14T20:49:31Z" name="testCollectionsAreImmutable" finished-at="2017-10-14T20:49:31Z" duration-ms="15" status="PASS">
          <exception class="java.lang.UnsupportedOperationException">
            <full-stacktrace>
              <![CDATA[java.lang.UnsupportedOperationException
	at java.base/java.util.ImmutableCollections.uoe(ImmutableCollections.java:70)
	at java.base/java.util.ImmutableCollections$AbstractImmutableList.add(ImmutableCollections.java:76)
	at org.wildcraft.util.collections.CollectionFactoryTest.testCollectionsAreImmutable(CollectionFactoryTest.java:52)
	at java.base/jdk.internal.reflect.NativeMethodAccessorImpl.invoke0(Native Method)
	at java.base/jdk.internal.reflect.NativeMethodAccessorImpl.invoke(NativeMethodAccessorImpl.java:62)
	at java.base/jdk.internal.reflect.DelegatingMethodAccessorImpl.invoke(DelegatingMethodAccessorImpl.java:43)
	at java.base/java.lang.reflect.Method.invoke(Method.java:564)
	at org.testng.internal.MethodInvocationHelper.invokeMethod(MethodInvocationHelper.java:108)
	at org.testng.internal.Invoker.invokeMethod(Invoker.java:661)
	at org.testng.internal.Invoker.invokeTestMethod(Invoker.java:869)
	at org.testng.internal.Invoker.invokeTestMethods(Invoker.java:1193)
	at org.testng.internal.TestMethodWorker.invokeTestMethods(TestMethodWorker.java:126)
	at org.testng.internal.TestMethodWorker.run(TestMethodWorker.java:109)
	at org.testng.TestRunner.privateRun(TestRunner.java:744)
	at org.testng.TestRunner.run(TestRunner.java:602)
	at org.testng.SuiteRunner.runTest(SuiteRunner.java:380)
	at org.testng.SuiteRunner.runSequentially(SuiteRunner.java:375)
	at org.testng.SuiteRunner.privateRun(SuiteRunner.java:340)
	at org.testng.SuiteRunner.run(SuiteRunner.java:289)
	at org.testng.SuiteRunnerWorker.runSuite(SuiteRunnerWorker.java:52)
	at org.testng.SuiteRunnerWorker.run(SuiteRunnerWorker.java:86)
	at org.testng.TestNG.runSuitesSequentially(TestNG.java:1301)
	at org.testng.TestNG.runSuitesLocally(TestNG.java:1226)
	at org.testng.TestNG.runSuites(TestNG.java:1144)
	at org.testng.TestNG.run(TestNG.java:1115)
	at org.apache.maven.surefire.testng.TestNGExecutor.run(TestNGExecutor.java:77)
	at org.apache.maven.surefire.testng.TestNGDirectoryTestSuite.executeMulti(TestNGDirectoryTestSuite.java:159)
	at org.apache.maven.surefire.testng.TestNGDirectoryTestSuite.execute(TestNGDirectoryTestSuite.java:99)
	at org.apache.maven.surefire.testng.TestNGProvider.invoke(TestNGProvider.java:106)
	at java.base/jdk.internal.reflect.NativeMethodAccessorImpl.invoke0(Native Method)
	at java.base/jdk.internal.reflect.NativeMethodAccessorImpl.invoke(NativeMethodAccessorImpl.java:62)
	at java.base/jdk.internal.reflect.DelegatingMethodAccessorImpl.invoke(DelegatingMethodAccessorImpl.java:43)
	at java.base/java.lang.reflect.Method.invoke(Method.java:564)
	at org.apache.maven.surefire.util.ReflectionUtils.invokeMethodWithArray(ReflectionUtils.java:189)
	at org.apache.maven.surefire.booter.ProviderFactory$ProviderProxy.invoke(ProviderFactory.java:165)
	at org.apache.maven.surefire.booter.ProviderFactory.invokeProvider(ProviderFactory.java:85)
	at org.apache.maven.surefire.booter.ForkedBooter.runSuitesInProcess(ForkedBooter.java:115)
	at org.apache.maven.surefire.booter.ForkedBooter.main(ForkedBooter.java:75)
]]>
            </full-stacktrace>
          </exception> <!-- java.lang.UnsupportedOperationException -->
          <reporter-output>
          </reporter-output>
        </test-method> <!-- testCollectionsAreImmutable -->
        <test-method signature="testCreateCollectionInJava9()[pri:0, instance:org.wildcraft.util.collections.CollectionFactoryTest@441772e]" started-at="2017-10-14T20:49:31Z" name="testCreateCollectionInJava9" finished-at="2017-10-14T20:49:31Z" duration-ms="2" status="PASS">
          <reporter-output>
          </reporter-output>
        </test-method> <!-- testCreateCollectionInJava9 -->
        <test-method signature="testImmutableMapOf10Elements()[pri:0, instance:org.wildcraft.util.collections.CollectionFactoryTest@441772e]" started-at="2017-10-14T20:49:31Z" name="testImmutableMapOf10Elements" finished-at="2017-10-14T20:49:31Z" duration-ms="30" status="PASS">
          <reporter-output>
          </reporter-output>
        </test-method> <!-- testImmutableMapOf10Elements -->
        <test-method signature="testCreateCollectionWithoutEnhancement()[pri:0, instance:org.wildcraft.util.collections.CollectionFactoryTest@441772e]" started-at="2017-10-14T20:49:31Z" name="testCreateCollectionWithoutEnhancement" finished-at="2017-10-14T20:49:31Z" duration-ms="0" status="PASS">
          <reporter-output>
          </reporter-output>
        </test-method> <!-- testCreateCollectionWithoutEnhancement -->
        <test-method signature="testImmutableMapOf11Elements()[pri:0, instance:org.wildcraft.util.collections.CollectionFactoryTest@441772e]" started-at="2017-10-14T20:49:31Z" name="testImmutableMapOf11Elements" finished-at="2017-10-14T20:49:31Z" duration-ms="1" status="PASS">
          <reporter-output>
          </reporter-output>
        </test-method> <!-- testImmutableMapOf11Elements -->
      </class> <!-- org.wildcraft.util.collections.CollectionFactoryTest -->
    </test> <!-- Command line test -->
  </suite> <!-- Command line suite -->
</testng-results>
