<?xml version="1.0" encoding="UTF-8" ?>
<testsuite tests="25" failures="0" name="TestSuite" time="0.143" errors="0" skipped="0">
  <properties>
[...]
</properties>
  <testcase classname="org.wildcraft.util.arrays.CompareArraysTest" name="testArraysCompare" time="0.028"/>
  <testcase classname="org.wildcraft.util.arrays.CompareArraysTest" name="testArraysCompareWithDifferentArray" time="0"/>
  <testcase classname="org.wildcraft.util.collections.CollectionFactoryTest" name="testCollectionOrderIsUnstable" time="0.003"/>
  <testcase classname="org.wildcraft.util.collections.CollectionFactoryTest" name="testCollectionOrderIsUnstable" time="0"/>
  <testcase classname="org.wildcraft.util.collections.CollectionFactoryTest" name="testCollectionOrderIsUnstable" time="0"/>
  <testcase classname="org.wildcraft.util.collections.CollectionFactoryTest" name="testCollectionOrderIsUnstable" time="0"/>
  <testcase classname="org.wildcraft.util.collections.CollectionFactoryTest" name="testCollectionOrderIsUnstable" time="0.001"/>
  <testcase classname="org.wildcraft.util.collections.CollectionFactoryTest" name="testCollectionsAreImmutable" time="0.015"/>
  <testcase classname="org.wildcraft.util.collections.CollectionFactoryTest" name="testCreateCollectionInJava9" time="0.002"/>
  <testcase classname="org.wildcraft.util.collections.CollectionFactoryTest" name="testCreateCollectionWithoutEnhancement" time="0"/>
  <testcase classname="org.wildcraft.util.collections.CollectionFactoryTest" name="testImmutableMapOf10Elements" time="0.029"/>
  <testcase classname="org.wildcraft.util.collections.CollectionFactoryTest" name="testImmutableMapOf11Elements" time="0"/>
  <testcase classname="org.wildcraft.util.optional.OptionalTest" name="testOptionalIfPresentOrElse" time="0.001"/>
  <testcase classname="org.wildcraft.util.optional.OptionalTest" name="testOptionalOr" time="0.001"/>
  <testcase classname="org.wildcraft.util.optional.OptionalTest" name="testOptionalStream" time="0.001"/>
  <testcase classname="org.wildcraft.util.optional.OptionalTest" name="testOptionalWithoutIfPresentOrElse" time="0.001"/>
  <testcase classname="org.wildcraft.util.optional.OptionalTest" name="testOptionalWithoutOr" time="0"/>
  <testcase classname="org.wildcraft.util.optional.OptionalTest" name="testOptionalWithoutStream" time="0.001"/>
  <testcase classname="org.wildcraft.util.reactive.ReactiveTest" name="testPublishAndSubscribe" time="0.024"/>
  <testcase classname="org.wildcraft.util.stream.StreamTest" name="testDropWhile" time="0.015"/>
  <testcase classname="org.wildcraft.util.stream.StreamTest" name="testIterateStoppable" time="0.009"/>
  <testcase classname="org.wildcraft.util.stream.StreamTest" name="testOfNullable" time="0.001"/>
  <testcase classname="org.wildcraft.util.stream.StreamTest" name="testOfNullableStream" time="0.001"/>
  <testcase classname="org.wildcraft.util.stream.StreamTest" name="testOfNullableStreamCount" time="0.009"/>
  <testcase classname="org.wildcraft.util.stream.StreamTest" name="testTakeWhile" time="0.001"/>
</testsuite>